[INFO] Scanning for projects...
[INFO] 
[INFO] -------------------< com.example:portfolio-backend >--------------------
[INFO] Building portfolio-backend 1.0-SNAPSHOT
[INFO]   from pom.xml
[INFO] --------------------------------[ jar ]---------------------------------
[INFO] 
[INFO] >>> spring-boot:3.1.5:run (default-cli) > test-compile @ portfolio-backend >>>
[INFO] 
[INFO] --- resources:3.3.1:resources (default-resources) @ portfolio-backend ---
[INFO] Copying 1 resource from src\main\resources to target\classes
[INFO] Copying 0 resource from src\main\resources to target\classes
[INFO] 
[INFO] --- compiler:3.11.0:compile (default-compile) @ portfolio-backend ---
[INFO] Nothing to compile - all classes are up to date
[INFO] 
[INFO] --- resources:3.3.1:testResources (default-testResources) @ portfolio-backend ---
[INFO] skip non existing resourceDirectory D:\New folder (2)\java-react-portfolio\backend\src\test\resources
[INFO] 
[INFO] --- compiler:3.11.0:testCompile (default-testCompile) @ portfolio-backend ---
[INFO] No sources to compile
[INFO] 
[INFO] <<< spring-boot:3.1.5:run (default-cli) < test-compile @ portfolio-backend <<<
[INFO] 
[INFO] 
[INFO] --- spring-boot:3.1.5:run (default-cli) @ portfolio-backend ---
[INFO] Attaching agents: []

  .   ____          _            __ _ _
 /\\ / ___'_ __ _ _(_)_ __  __ _ \ \ \ \
( ( )\___ | '_ | '_| | '_ \/ _` | \ \ \ \
 \\/  ___)| |_)| | | | | || (_| |  ) ) ) )
  '  |____| .__|_| |_|_| |_\__, | / / / /
 =========|_|==============|___/=/_/_/_/
 :: Spring Boot ::                (v3.1.5)

2026-05-02T08:50:01.574+05:30  INFO 10848 --- [  restartedMain] c.e.portfolio.PortfolioApplication       : Starting PortfolioApplication using Java 17.0.16 with PID 10848 (D:\New folder (2)\java-react-portfolio\backend\target\classes started by sonu4 in D:\New folder (2)\java-react-portfolio\backend)
2026-05-02T08:50:01.582+05:30  INFO 10848 --- [  restartedMain] c.e.portfolio.PortfolioApplication       : No active profile set, falling back to 1 default profile: "default"
2026-05-02T08:50:01.751+05:30  INFO 10848 --- [  restartedMain] .e.DevToolsPropertyDefaultsPostProcessor : Devtools property defaults active! Set 'spring.devtools.add-properties' to 'false' to disable
2026-05-02T08:50:01.751+05:30  INFO 10848 --- [  restartedMain] .e.DevToolsPropertyDefaultsPostProcessor : For additional web related logging consider setting the 'logging.level.web' property to 'DEBUG'
2026-05-02T08:50:05.234+05:30  INFO 10848 --- [  restartedMain] o.s.b.w.embedded.tomcat.TomcatWebServer  : Tomcat initialized with port(s): 8080 (http)
2026-05-02T08:50:05.276+05:30  INFO 10848 --- [  restartedMain] o.apache.catalina.core.StandardService   : Starting service [Tomcat]
2026-05-02T08:50:05.278+05:30  INFO 10848 --- [  restartedMain] o.apache.catalina.core.StandardEngine    : Starting Servlet engine: [Apache Tomcat/10.1.15]
2026-05-02T08:50:05.435+05:30  INFO 10848 --- [  restartedMain] o.a.c.c.C.[Tomcat].[localhost].[/]       : Initializing Spring embedded WebApplicationContext
2026-05-02T08:50:05.435+05:30  INFO 10848 --- [  restartedMain] w.s.c.ServletWebServerApplicationContext : Root WebApplicationContext: initialization completed in 3682 ms
2026-05-02T08:50:06.036+05:30  INFO 10848 --- [  restartedMain] o.s.b.d.a.OptionalLiveReloadServer       : LiveReload server is running on port 35729
2026-05-02T08:50:06.085+05:30  INFO 10848 --- [  restartedMain] o.s.b.w.embedded.tomcat.TomcatWebServer  : Tomcat started on port(s): 8080 (http) with context path ''
2026-05-02T08:50:06.101+05:30  INFO 10848 --- [  restartedMain] c.e.portfolio.PortfolioApplication       : Started PortfolioApplication in 5.537 seconds (process running for 6.167)
2026-05-02T08:50:17.607+05:30  INFO 10848 --- [nio-8080-exec-1] o.a.c.c.C.[Tomcat].[localhost].[/]       : Initializing Spring DispatcherServlet 'dispatcherServlet'
2026-05-02T08:50:17.608+05:30  INFO 10848 --- [nio-8080-exec-1] o.s.web.servlet.DispatcherServlet        : Initializing Servlet 'dispatcherServlet'
2026-05-02T08:50:17.612+05:30  INFO 10848 --- [nio-8080-exec-1] o.s.web.servlet.DispatcherServlet        : Completed initialization in 2 ms
New contact message received from Test User <test@example.com>: Hello from verification
